<?xml version="1.0" encoding="UTF-8"?>
<!-- Generated by org.testng.reporters.JUnitReportReporter -->
<testsuite hostname="DESKTOP-JGU2O17" failures="0" tests="1" name="testCases.TC_002_LoginTest" time="2.178" errors="0" timestamp="2025-06-28T14:26:55 IST" skipped="0">
  <testcase classname="testCases.TC_002_LoginTest" name="verifyLogin" time="2.178"/>
</testsuite> <!-- testCases.TC_002_LoginTest -->
